<?xml version="1.0" encoding="UTF-8"?>
<!-- Generated by org.testng.reporters.JUnitXMLReporter -->
<testsuite ignored="0" hostname="DESKTOP-I0U8V9H" failures="0" tests="6" name="MyTests" time="41.028" errors="0" timestamp="2023-04-02T19:19:32 IST">
  <testcase classname="kirubhakaran.nopcommerce.tests.VerifyRegisterTest" name="Test_Register_Success" time="4.703"/>
  <testcase classname="kirubhakaran.nopcommerce.tests.VerifyLoginTest" name="Test_Login_Success" time="1.998"/>
  <testcase classname="kirubhakaran.nopcommerce.tests.VerifyHomePageTest" name="Test_ProductSearch_Success" time="4.785"/>
  <testcase classname="kirubhakaran.nopcommerce.tests.VerifyHomePageTest" name="AddProductToCartAndCheckOut" time="2.078"/>
  <testcase classname="kirubhakaran.nopcommerce.tests.VerifyCheckOutTest" name="Start_CheckOut_Success" time="2.097"/>
  <testcase classname="kirubhakaran.nopcommerce.tests.VerifyCheckOutTest" name="Complete_CheckOut_Success" time="3.801"/>
</testsuite> <!-- MyTests -->
