<?xml version="1.0" encoding="UTF-8"?>
<testng-results ignored="0" total="6" passed="6" failed="0" skipped="0">
  <reporter-output>
  </reporter-output>
  <suite started-at="2023-04-02T19:18:51 IST" name="MyTestSuite" finished-at="2023-04-02T19:19:32 IST" duration-ms="41028">
    <groups>
    </groups>
    <test started-at="2023-04-02T19:18:51 IST" name="MyTests" finished-at="2023-04-02T19:19:32 IST" duration-ms="41028">
      <class name="kirubhakaran.nopcommerce.tests.VerifyCheckOutTest">
        <test-method is-config="true" signature="StartBrowser()[pri:0, instance:kirubhakaran.nopcommerce.tests.VerifyCheckOutTest@443118b0]" started-at="2023-04-02T19:19:25 IST" name="StartBrowser" finished-at="2023-04-02T19:19:26 IST" duration-ms="226" status="PASS">
          <reporter-output>
          </reporter-output>
        </test-method> <!-- StartBrowser -->
        <test-method signature="Start_CheckOut_Success()[pri:1, instance:kirubhakaran.nopcommerce.tests.VerifyCheckOutTest@443118b0]" started-at="2023-04-02T19:19:26 IST" name="Start_CheckOut_Success" finished-at="2023-04-02T19:19:28 IST" duration-ms="2097" status="PASS">
          <reporter-output>
          </reporter-output>
        </test-method> <!-- Start_CheckOut_Success -->
        <test-method is-config="true" signature="StartBrowser()[pri:0, instance:kirubhakaran.nopcommerce.tests.VerifyCheckOutTest@443118b0]" started-at="2023-04-02T19:19:28 IST" name="StartBrowser" finished-at="2023-04-02T19:19:28 IST" duration-ms="69" status="PASS">
          <reporter-output>
          </reporter-output>
        </test-method> <!-- StartBrowser -->
        <test-method signature="Complete_CheckOut_Success(java.lang.String,java.lang.String)[pri:2, instance:kirubhakaran.nopcommerce.tests.VerifyCheckOutTest@443118b0]" started-at="2023-04-02T19:19:28 IST" name="Complete_CheckOut_Success" data-provider="country-data-provider" finished-at="2023-04-02T19:19:32 IST" duration-ms="3801" status="PASS">
          <params>
            <param index="0">
              <value>
                <![CDATA[United States]]>
              </value>
            </param>
            <param index="1">
              <value>
                <![CDATA[California]]>
              </value>
            </param>
          </params>
          <reporter-output>
          </reporter-output>
        </test-method> <!-- Complete_CheckOut_Success -->
      </class> <!-- kirubhakaran.nopcommerce.tests.VerifyCheckOutTest -->
      <class name="kirubhakaran.nopcommerce.tests.VerifyHomePageTest">
        <test-method is-config="true" signature="StartBrowser()[pri:0, instance:kirubhakaran.nopcommerce.tests.VerifyHomePageTest@5fe94a96]" started-at="2023-04-02T19:19:18 IST" name="StartBrowser" finished-at="2023-04-02T19:19:18 IST" duration-ms="144" status="PASS">
          <reporter-output>
          </reporter-output>
        </test-method> <!-- StartBrowser -->
        <test-method signature="Test_ProductSearch_Success(java.lang.String,org.testng.ITestContext)[pri:1, instance:kirubhakaran.nopcommerce.tests.VerifyHomePageTest@5fe94a96]" started-at="2023-04-02T19:19:18 IST" name="Test_ProductSearch_Success" data-provider="searchdata-provider" finished-at="2023-04-02T19:19:23 IST" duration-ms="4785" status="PASS">
          <params>
            <param index="0">
              <value>
                <![CDATA[Lenovo IdeaCentre 600 All-in-One PC]]>
              </value>
            </param>
            <param index="1">
              <value>
                <![CDATA[org.testng.TestRunner@64f16277]]>
              </value>
            </param>
          </params>
          <reporter-output>
          </reporter-output>
        </test-method> <!-- Test_ProductSearch_Success -->
        <test-method is-config="true" signature="StartBrowser()[pri:0, instance:kirubhakaran.nopcommerce.tests.VerifyHomePageTest@5fe94a96]" started-at="2023-04-02T19:19:23 IST" name="StartBrowser" finished-at="2023-04-02T19:19:23 IST" duration-ms="30" status="PASS">
          <reporter-output>
          </reporter-output>
        </test-method> <!-- StartBrowser -->
        <test-method signature="AddProductToCartAndCheckOut()[pri:0, instance:kirubhakaran.nopcommerce.tests.VerifyHomePageTest@5fe94a96]" started-at="2023-04-02T19:19:23 IST" name="AddProductToCartAndCheckOut" finished-at="2023-04-02T19:19:25 IST" depends-on-methods="kirubhakaran.nopcommerce.tests.VerifyHomePageTest.Test_ProductSearch_Success" duration-ms="2078" status="PASS">
          <reporter-output>
          </reporter-output>
        </test-method> <!-- AddProductToCartAndCheckOut -->
      </class> <!-- kirubhakaran.nopcommerce.tests.VerifyHomePageTest -->
      <class name="kirubhakaran.nopcommerce.tests.VerifyRegisterTest">
        <test-method is-config="true" signature="StartBrowser()[pri:0, instance:kirubhakaran.nopcommerce.tests.VerifyRegisterTest@3349e9bb]" started-at="2023-04-02T19:18:51 IST" name="StartBrowser" finished-at="2023-04-02T19:19:12 IST" duration-ms="20913" status="PASS">
          <reporter-output>
          </reporter-output>
        </test-method> <!-- StartBrowser -->
        <test-method signature="Test_Register_Success(org.testng.ITestContext)[pri:0, instance:kirubhakaran.nopcommerce.tests.VerifyRegisterTest@3349e9bb]" started-at="2023-04-02T19:19:12 IST" name="Test_Register_Success" finished-at="2023-04-02T19:19:16 IST" duration-ms="4703" status="PASS">
          <params>
            <param index="0">
              <value>
                <![CDATA[org.testng.TestRunner@64f16277]]>
              </value>
            </param>
          </params>
          <reporter-output>
          </reporter-output>
        </test-method> <!-- Test_Register_Success -->
      </class> <!-- kirubhakaran.nopcommerce.tests.VerifyRegisterTest -->
      <class name="kirubhakaran.nopcommerce.tests.VerifyLoginTest">
        <test-method is-config="true" signature="StartBrowser()[pri:0, instance:kirubhakaran.nopcommerce.tests.VerifyLoginTest@33d512c1]" started-at="2023-04-02T19:19:16 IST" name="StartBrowser" finished-at="2023-04-02T19:19:16 IST" duration-ms="54" status="PASS">
          <reporter-output>
          </reporter-output>
        </test-method> <!-- StartBrowser -->
        <test-method signature="Test_Login_Success(org.testng.ITestContext)[pri:0, instance:kirubhakaran.nopcommerce.tests.VerifyLoginTest@33d512c1]" started-at="2023-04-02T19:19:16 IST" name="Test_Login_Success" finished-at="2023-04-02T19:19:18 IST" duration-ms="1998" status="PASS">
          <params>
            <param index="0">
              <value>
                <![CDATA[org.testng.TestRunner@64f16277]]>
              </value>
            </param>
          </params>
          <reporter-output>
          </reporter-output>
        </test-method> <!-- Test_Login_Success -->
      </class> <!-- kirubhakaran.nopcommerce.tests.VerifyLoginTest -->
    </test> <!-- MyTests -->
  </suite> <!-- MyTestSuite -->
</testng-results>
